the options [useNewUrlParser] is not supported
Server started..
demo@email.com   11f4baaef3445ff
[ 'demoDevice',
  toBSON: [Function: toBSON],
  _atomics: {},
  _parent: model {
    '$__':
     InternalCache {
       strictMode: true,
       selected: {},
       shardval: undefined,
       saveError: undefined,
       validationError: undefined,
       adhocPaths: undefined,
       removing: undefined,
       inserting: undefined,
       saving: undefined,
       version: undefined,
       getters: {},
       _id: 5be795fcf0098403c914cc36,
       populate: undefined,
       populated: undefined,
       wasPopulated: false,
       scope: undefined,
       activePaths:
        StateMachine {
          paths:
           { fullName: 'init',
             email: 'init',
             userDevices: 'modify',
             _id: 'init',
             passwordHash: 'init',
             uvThreshold: 'init',
             lastAccess: 'init',
             __v: 'init' },
          states:
           { ignore: {},
             default: {},
             init:
              { _id: true,
                email: true,
                fullName: true,
                passwordHash: true,
                uvThreshold: true,
                lastAccess: true,
                __v: true },
             modify: { userDevices: true },
             require: {} },
          stateNames: [ 'require', 'modify', 'init', 'default', 'ignore' ] },
       pathsToScopes: {},
       session: undefined,
       ownerDocument: undefined,
       fullPath: undefined,
       emitter:
        EventEmitter {
          _events: [Object: null prototype] {},
          _eventsCount: 0,
          _maxListeners: 0 },
       '$options':
        { skipId: true,
          isNew: false,
          skipDefaults:
           { _id: true,
             userDevices: true,
             email: true,
             fullName: true,
             passwordHash: true,
             uvThreshold: true,
             lastAccess: true,
             __v: true } } },
    isNew: false,
    errors: undefined,
    _doc:
     { userDevices: [Circular],
       _id: 5be795fcf0098403c914cc36,
       email: 'demo@email.com',
       fullName: 'demo',
       passwordHash: '123',
       uvThreshold: 12,
       lastAccess: 2018-11-11T02:37:48.749Z,
       __v: 0 },
    '$init': true },
  _cast: [Function: _cast],
  _markModified: [Function: _markModified],
  _registerAtomic: [Function: _registerAtomic],
  '$__getAtomics': [Function: $__getAtomics],
  hasAtomics: [Function: hasAtomics],
  _mapCast: [Function: _mapCast],
  push: [Function: push],
  nonAtomicPush: [Function: nonAtomicPush],
  '$pop': [Function: $pop],
  pop: [Function: pop],
  '$shift': [Function: $shift],
  shift: [Function: shift],
  pull: [Function: pull],
  splice: [Function: splice],
  unshift: [Function: unshift],
  sort: [Function: sort],
  addToSet: [Function: addToSet],
  set: [Function: set],
  toObject: [Function: toObject],
  inspect: [Function: inspect],
  indexOf: [Function: indexOf],
  remove: [Function: pull],
  _path: 'userDevices',
  isMongooseArray: true,
  validators: [],
  _schema: SchemaArray {
    casterConstructor: { [Function: SchemaString] schemaName: 'String' },
    caster:
     SchemaString {
       enumValues: [],
       regExp: null,
       path: 'userDevices',
       instance: 'String',
       validators: [],
       setters: [],
       getters: [],
       options: {},
       _index: null },
    '$isMongooseArray': true,
    path: 'userDevices',
    instance: 'Array',
    validators: [],
    setters: [],
    getters: [],
    options: { type: [ [Function: String] ] },
    _index: null,
    defaultValue: { [Function: defaultFn] '$runBeforeSetters': true } } ]
the options [useNewUrlParser] is not supported
Server started..
